[W 11:32:27.785 NotebookApp] Unrecognized alias: 'notebook_dir', it will have no effect.
[I 11:32:27.853 NotebookApp] Writing notebook server cookie secret to /home/users/m/mulligas/.local/share/jupyter/runtime/notebook_cookie_secret
[W 2024-02-16 11:32:29.514 LabApp] 'port' has moved from NotebookApp to ServerApp. This config will be passed to ServerApp. Be sure to update your config before our next release.
[W 2024-02-16 11:32:29.514 LabApp] 'ip' has moved from NotebookApp to ServerApp. This config will be passed to ServerApp. Be sure to update your config before our next release.
[W 2024-02-16 11:32:29.514 LabApp] 'ip' has moved from NotebookApp to ServerApp. This config will be passed to ServerApp. Be sure to update your config before our next release.
[W 2024-02-16 11:32:29.514 LabApp] 'ip' has moved from NotebookApp to ServerApp. This config will be passed to ServerApp. Be sure to update your config before our next release.
[I 2024-02-16 11:32:29.525 LabApp] JupyterLab extension loaded from /opt/ebsofts/Anaconda3/2022.05/lib/python3.9/site-packages/jupyterlab
[I 2024-02-16 11:32:29.525 LabApp] JupyterLab application directory is /opt/ebsofts/Anaconda3/2022.05/share/jupyter/lab
[I 11:32:29.536 NotebookApp] Serving notebooks from local directory: /home/users/m/mulligas/job_scripts
[I 11:32:29.536 NotebookApp] Jupyter Notebook 6.4.8 is running at:
[I 11:32:29.536 NotebookApp] http://localhost:8686/?token=2b58cd517a1811d763fda7c17842f68547c7899f218ea19b
[I 11:32:29.536 NotebookApp]  or http://127.0.0.1:8686/?token=2b58cd517a1811d763fda7c17842f68547c7899f218ea19b
[I 11:32:29.536 NotebookApp] Use Control-C to stop this server and shut down all kernels (twice to skip confirmation).
[C 11:32:29.550 NotebookApp] 
    
    To access the notebook, open this file in a browser:
        file:///home/users/m/mulligas/.local/share/jupyter/runtime/nbserver-460271-open.html
    Or copy and paste one of these URLs:
        http://localhost:8686/?token=2b58cd517a1811d763fda7c17842f68547c7899f218ea19b
     or http://127.0.0.1:8686/?token=2b58cd517a1811d763fda7c17842f68547c7899f218ea19b
srun: Job step aborted: Waiting up to 92 seconds for job step to finish.
slurmstepd: error: *** JOB 7478469 ON cpu001 CANCELLED AT 2024-02-16T11:47:49 DUE TO TIME LIMIT ***
slurmstepd: error: *** STEP 7478469.0 ON cpu001 CANCELLED AT 2024-02-16T11:47:49 DUE TO TIME LIMIT ***
[C 11:47:49.039 NotebookApp] received signal 15, stopping
